app/proguard-rules.pro
-keep class com.gmail.comosense.calculator.data.proto.** { *; }