app/release/mapping.txt
# compiler: R8
# compiler_version: 9.4.14
# min_api: 30
# common_typos_disable
# {"id":"com.android.tools.r8.mapping","version":"2.2"}
# pg_map_id: cb2f5ac2a67e8df0a6ceac06c482bb1cc5ebc3ced357b7e80bcfc5d46215a5fd
# pg_map_hash: SHA-256 cb2f5ac2a67e8df0a6ceac06c482bb1cc5ebc3ced357b7e80bcfc5d46215a5fd
com.gmail.comosense.calculator.common.Result -> lh0:
# {"id":"sourceFile","fileName":"Result.kt"}
com.gmail.comosense.calculator.common.Result$Err -> hh0:
# {"id":"sourceFile","fileName":"Result.kt"}
    java.lang.Object error -> a
    1:6:void <init>(java.lang.Object):5:5 -> <init>
    15:24:boolean kotlin.jvm.internal.Intrinsics.areEqual(java.lang.Object,java.lang.Object):169:169 -> equals
    15:24:boolean equals(java.lang.Object):0 -> equals
    1:7:int hashCode():0:0 -> hashCode
    1:22:java.lang.String toString():0:0 -> toString
com.gmail.comosense.calculator.common.Result$Ok -> jh0:
# {"id":"sourceFile","fileName":"Result.kt"}
    java.lang.Object value -> a
    1:6:void <init>(java.lang.Object):4:4 -> <init>
    5:24:boolean equals(java.lang.Object):0:0 -> equals
    1:11:int hashCode():0:0 -> hashCode
    1:22:java.lang.String toString():0:0 -> toString
com.gmail.comosense.calculator.domain.CalculateError -> ja:
# {"id":"sourceFile","fileName":"Calculate.kt"}
    com.gmail.comosense.calculator.domain.CalculateError InvalidExpression -> d
      # {"id":"com.android.tools.r8.residualsignature","signature":"Lja;"}
    com.gmail.comosense.calculator.domain.CalculateError DivisionByZero -> e
      # {"id":"com.android.tools.r8.residualsignature","signature":"Lja;"}
    com.gmail.comosense.calculator.domain.CalculateError[] $VALUES -> f
      # {"id":"com.android.tools.r8.residualsignature","signature":"[Lja;"}
    1:5:void <clinit>():9:9 -> <clinit>
    6:8:void <init>(java.lang.String,int):8:8 -> <clinit>
    6:8:void <clinit>():9 -> <clinit>
    9:10:void <clinit>():9:9 -> <clinit>
    11:15:void <clinit>():10:10 -> <clinit>
    16:18:void <init>(java.lang.String,int):8:8 -> <clinit>
    16:18:void <clinit>():10 -> <clinit>
    19:20:void <clinit>():10:10 -> <clinit>
    21:24:com.gmail.comosense.calculator.domain.CalculateError[] $values():0:0 -> <clinit>
    21:24:void <clinit>():10 -> <clinit>
    25:27:void <clinit>():10:10 -> <clinit>
    1:9:com.gmail.comosense.calculator.domain.CalculateError valueOf(java.lang.String):0:0 -> valueOf
      # {"id":"com.android.tools.r8.residualsignature","signature":"(Ljava/lang/String;)Lja;"}
    1:9:com.gmail.comosense.calculator.domain.CalculateError[] values():0:0 -> values
      # {"id":"com.android.tools.r8.residualsignature","signature":"()[Lja;"}
com.gmail.comosense.calculator.domain.CalculateKt -> R8$$REMOVED$$CLASS$$388:
# {"id":"sourceFile","fileName":"Calculate.kt"}
com.gmail.comosense.calculator.domain.Token -> fx0:
# {"id":"sourceFile","fileName":"Token.kt"}
com.gmail.comosense.calculator.domain.Token$FactorEnd$CloseParenthesis -> ww0:
# {"id":"sourceFile","fileName":"Token.kt"}
    com.gmail.comosense.calculator.domain.Token$FactorEnd$CloseParenthesis INSTANCE -> a
      # {"id":"com.android.tools.r8.residualsignature","signature":"Lww0;"}
    3:5:void <init>():18:18 -> <clinit>
    3:5:void <clinit>():0 -> <clinit>
    6:8:void <clinit>():0:0 -> <clinit>
    5:11:boolean equals(java.lang.Object):0:0 -> equals
    1:4:int hashCode():0:0 -> hashCode
    1:3:java.lang.String toString():0:0 -> toString
com.gmail.comosense.calculator.domain.Token$FactorStart$OpenParenthesis -> xw0:
# {"id":"sourceFile","fileName":"Token.kt"}
    com.gmail.comosense.calculator.domain.Token$FactorStart$OpenParenthesis INSTANCE -> a
      # {"id":"com.android.tools.r8.residualsignature","signature":"Lxw0;"}
    3:5:void <init>():14:14 -> <clinit>
    3:5:void <clinit>():0 -> <clinit>
    6:8:void <clinit>():0:0 -> <clinit>
    5:11:boolean equals(java.lang.Object):0:0 -> equals
    1:4:int hashCode():0:0 -> hashCode
    1:3:java.lang.String toString():0:0 -> toString
...
androidx.compose.ui.autofill.ContentDataType_androidKt -> R8$$REMOVED$$CLASS$$106:
# {"id":"sourceFile","fileName":"ContentDataType.android.kt"}
androidx.compose.ui.autofill.ContentType -> fh:
# {"id":"sourceFile","fileName":"ContentType.android.kt"}
    androidx.compose.ui.autofill.ContentType$Companion Companion -> a
      # {"id":"com.android.tools.r8.residualsignature","signature":"Leh;"}
    1:5:void <clinit>():0:0 -> <clinit>
androidx.compose.ui.autofill.ContentType$Companion -> eh:
# {"id":"sourceFile","fileName":"ContentType.android.kt"}
    androidx.compose.ui.autofill.ContentType$Companion $$INSTANCE -> a
      # {"id":"com.android.tools.r8.residualsignature","signature":"Leh;"}
    androidx.compose.ui.autofill.ContentType Password -> b
      # {"id":"com.android.tools.r8.residualsignature","signature":"Lc4;"}
    3:5:void <init>():57:57 -> <clinit>
    3:5:void <clinit>():0 -> <clinit>
    6:7:void <clinit>():0:0 -> <clinit>
    8:12:void <clinit>():59:59 -> <clinit>
    13:20:void <clinit>():60:60 -> <clinit>
    21:25:void <clinit>():61:61 -> <clinit>
    26:30:void <clinit>():62:62 -> <clinit>
    31:35:void <clinit>():63:63 -> <clinit>
    36:40:void <clinit>():64:64 -> <clinit>
    41:45:void <clinit>():65:65 -> <clinit>
    46:50:void <clinit>():66:66 -> <clinit>
    51:55:void <clinit>():67:67 -> <clinit>
    56:60:void <clinit>():68:68 -> <clinit>
    61:65:void <clinit>():70:70 -> <clinit>
    66:70:void <clinit>():71:71 -> <clinit>
    71:75:void <clinit>():72:72 -> <clinit>
    76:80:void <clinit>():73:73 -> <clinit>
    81:85:void <clinit>():74:74 -> <clinit>
    86:90:void <clinit>():75:75 -> <clinit>
    91:95:void <clinit>():76:76 -> <clinit>
    96:100:void <clinit>():78:78 -> <clinit>
    101:105:void <clinit>():80:80 -> <clinit>
    106:110:void <clinit>():81:81 -> <clinit>
    111:115:void <clinit>():82:82 -> <clinit>
    116:120:void <clinit>():83:83 -> <clinit>
androidx.compose.ui.autofill.PopulateViewStructure_androidKt$populate$5 -> ce0:
# {"id":"sourceFile","fileName":"PopulateViewStructure.android.kt"}
    android.view.ViewStructure $this_populate -> e
    1:7:void <init>(androidx.compose.ui.autofill.AutofillApi26Helper,android.view.ViewStructure):0:0 -> <init>
      # {"id":"com.android.tools.r8.residualsignature","signature":"(Landroid/view/ViewStructure;)V"}
    1:28:java.lang.Object invoke(java.lang.Object,java.lang.Object,java.lang.Object,java.lang.Object):122:122 -> k
    29:35:void androidx.compose.ui.autofill.AutofillApi26Helper.setDimens(android.view.ViewStructure,int,int,int,int,int,int):86:86 -> k
    29:35:void invoke(int,int,int,int):123 -> k
    29:35:java.lang.Object invoke(java.lang.Object,java.lang.Object,java.lang.Object,java.lang.Object):122 -> k
    36:38:java.lang.Object invoke(java.lang.Object,java.lang.Object,java.lang.Object,java.lang.Object):122:122 -> k